r	13633664 
r	13633728 
w	9439232 
r	13633792 
w	9439296 
r	13633856 
w	9439360 
w	9439424 
r	13633920 
r	13633984 
w	9439488 
r	6999232 
w	9620416 
w	9442240 
r	13636736 
r	13636800 
w	9442304 
r	13636864 
w	9442368 
r	13636928 
w	9442432 
w	9442496 
r	13636992 
r	13637056 
w	9442560 
r	13637120 
w	9442624 
r	13637184 
w	9442688 
w	9442752 
r	13637248 
r	13637312 
w	9442816 
r	13637376 
w	9442880 
r	13637440 
w	9442944 
w	9443008 
r	13637504 
r	13637568 
w	9443072 
r	13637632 
r	6999168 
w	9443136 
w	9443200 
w	9443264 
w	9443328 
w	9620608 
r	8391744 
r	8391808 
r	8391872 
r	8613760 
r	8613824 
r	8613888 
r	8613952 
w	9662336 
w	9662400 
r	8614016 
w	9662464 
w	9662528 
r	8614080 
r	8614144 
r	8614208 
w	9662592 
r	8614272 
w	9662656 
w	9662720 
w	9662784 
r	8614400 
r	8614336 
w	9442368 
r	13636928 
w	9442432 
w	9442496 
r	13636992 
r	13637056 
w	9442560 
r	13637120 
w	9442624 
r	13637184 
w	9442688 
w	9442752 
r	13637248 
r	13637312 
w	9442816 
r	13637376 
w	9442880 
r	13637440 
w	9442944 
w	9443008 
r	13637504 
r	13637568 
w	9443072 
r	13637632 
r	6999168 
w	9443136 
w	9443200 
w	9443264 
w	9443328 
w	9620608 
r	8391744 
r	8391808 
r	8391872 
r	8613760 
r	8613824 
r	8613888 
r	8613952 
w	9662336 
w	9662400 
r	8614016 
w	9662464 
w	9662528 
r	8614080 
r	8614144 
r	8614208 
w	9662592 
r	8614272 
w	9662656 
w	9662720 
w	9662784 
r	8614400 
r	8614336 
r	8614464 
w	9662848 
w	9679232 
r	8614528 
w	9662976 
w	9662912 
r	8740864 
w	9527296 
r	8778240 
w	9564672 
r	3403584 
r	5189952 
w	9646400 
r	8557952 
w	9606528 
r	5189120 
r	7116032 
w	9645568 
w	9475328 
r	7625984 
w	9460992 
r	8800000 
w	9586432 
r	7057728 
r	8744896 
r	8319360 
w	9531328 
r	3515584 
w	9630080 
w	9544896 
r	3515648 
r	8626176 
w	9544960 
w	9674752 
r	8738432 
r	8447040 
r	7072640 
r	8741824 
w	9524864 
w	9495616 
w	9528256 
r	8614976 
r	8319488 
r	8614912 
r	8613696 
r	8614720 
w	9663552 
w	9630208 
w	9663488 
r	8319552 
r	8772928 
r	8757760 
w	9662272 
w	9663296 
w	9630272 
w	9559360 
w	9544192 
r	8609600 
r	8609664 
r	8614464 
w	9662848 
w	9679232 
r	8614528 
w	9662976 
w	9662912 
r	8740864 
w	9527296 
r	8778240 
w	9564672 
r	3403584 
r	5189952 
w	9646400 
r	8557952 
w	9606528 
r	5189120 
r	7116032 
w	9645568 
w	9475328 
r	7625984 
w	9460992 
r	8800000 
w	9586432 
r	7057728 
r	8744896 
r	8319360 
w	9531328 
r	3515584 
w	9630080 
w	9544896 
r	3515648 
r	8626176 
w	9544960 
w	9674752 
r	8738432 
r	8447040 
r	7072640 
r	8741824 
w	9524864 
w	9495616 
w	9528256 
r	8614976 
r	8319488 
r	8614912 
r	8613696 
r	8614720 
w	9663552 
w	9630208 
w	9663488 
r	8319552 
r	8772928 
r	8757760 
w	9662272 
w	9663296 
w	9630272 
w	9559360 
w	9544192 
r	8609600 
r	8609664 
r	8609728 
w	9658176 
w	9658240 
w	9658304 
r	8609792 
r	8609856 
r	8609920 
w	9658368 
w	9658432 
w	9658496 
r	8609984 
r	8610048 
r	8610112 
w	9658560 
w	9658624 
w	9658688 
r	8610176 
r	8610240 
r	8610304 
w	9658752 
w	9658816 
w	9658880 
r	8610368 
r	8610432 
r	8610496 
w	9658944 
w	9659008 
w	9659072 
r	8610560 
r	8610624 
r	8610688 
w	9659136 
w	9659200 
w	9659264 
r	8610752 
r	8610816 
r	8610880 
w	9659328 
w	9659392 
w	9659456 
r	8610944 
r	8611008 
r	8611072 
w	9524736 
w	9620672 
r	6999296 
r	6999040 
r	3802880 
w	9620736 
w	9620480 
w	9570048 
r	3802944 
r	8778368 
w	9570112 
w	9564800 
r	6999104 
r	9035776 
r	13631552 
r	13631616 
r	13631680 
w	9620544 
w	9560064 
r	13631744 
w	9437248 
r	13631808 
w	9437312 
w	9437376 
r	13631872 
r	13631936 
w	9437440 
r	13632000 
w	9437504 
r	13632064 
w	9437568 
w	9437632 
r	13632128 
r	13632192 
w	9437696 
r	13632256 
w	9437760 
r	13632320 
w	9437824 
w	9437888 
r	13632384 
r	13632448 
w	9437952 
r	13632512 
w	9438016 
r	13632576 
w	9438080 
w	9438144 
r	13632640 
r	13632704 
w	9438208 
r	13632768 
w	9438272 
r	13632832 
w	9438336 
w	9438400 
r	13632896 
r	13632960 
w	9438464 
r	13633024 
w	9438528 
r	13633088 
w	9438592 
w	9438656 
r	13633152 
r	13633216 
w	9438720 
r	13633280 
w	9438784 
r	13633344 
w	9438848 
w	9438912 
r	13633408 
r	13633472 
w	9438976 
r	13633536 
w	9439040 
r	13633600 
w	9439104 
w	9439168 
r	13633664 
r	13633728 
w	9439232 
r	13633792 
w	9439296 
r	13633856 
w	9439360 
w	9439424 
r	13633920 
r	13633984 
w	9439488 
r	13634048 
w	9439552 
r	13634112 
w	9439616 
w	9439680 
r	13634176 
r	13634240 
w	9439744 
r	13634304 
w	9439808 
r	13634368 
w	9439872 
w	9439936 
r	13634432 
r	13634496 
w	9440000 
r	13634560 
w	9440064 
r	13634624 
w	9702272 
w	9702336 
r	13634688 
r	13634752 
w	9702400 
r	13634816 
w	9440320 
r	13634880 
w	9440384 
w	9440448 
r	13634944 
r	13635008 
w	9440512 
r	13635072 
w	9440576 
r	13635136 
w	9440640 
w	9440704 
r	13635200 
r	13635264 
w	9440768 
r	13635328 
w	9440832 
r	13635392 
w	9440896 
w	9440960 
r	13635456 
r	13635520 
w	9441024 
r	13635584 
w	9441088 
r	13635648 
w	9441152 
w	9441216 
r	13635712 
r	13635776 
w	9441280 
r	13635840 
w	9441344 
r	13635904 
w	9441408 
w	9441472 
r	13635968 
r	13636032 
w	9441536 
r	13636096 
w	9441600 
r	13636160 
w	9441664 
w	9441728 
r	13636224 
r	13636288 
w	9441792 
r	13636352 
w	9441856 
r	13636416 
w	9441920 
w	9441984 
r	13636480 
r	13636544 
w	9442048 
r	13636608 
w	9442112 
r	13636672 
w	9442176 
w	9442240 
r	13636736 
r	13636800 
w	9442304 
r	13636864 
r	8609728 
w	9658176 
w	9658240 
w	9658304 
r	8609792 
r	8609856 
r	8609920 
w	9658368 
w	9658432 
w	9658496 
r	8609984 
r	8610048 
r	8610112 
w	9658560 
w	9658624 
w	9658688 
r	8610176 
r	8610240 
r	8610304 
w	9658752 
w	9658816 
w	9658880 
r	8610368 
r	8610432 
r	8610496 
w	9658944 
w	9659008 
w	9659072 
r	8610560 
r	8610624 
r	8610688 
w	9659136 
w	9659200 
w	9659264 
r	8610752 
r	8610816 
r	8610880 
w	9659328 
w	9659392 
w	9659456 
r	8610944 
r	8611008 
r	8611072 
w	9659520 
w	9659584 
w	9659648 
r	8611136 
r	8611200 
r	8611264 
w	9659712 
w	9659776 
w	9659840 
r	8611328 
r	8611392 
r	8611456 
w	9659904 
w	9659968 
w	9660032 
r	8611520 
r	8611584 
r	8611648 
w	9660096 
w	9660160 
w	9660224 
r	8611712 
r	8611776 
r	8611840 
w	9660288 
w	9660352 
w	9660416 
r	8611904 
r	8611968 
r	8612032 
w	9660480 
w	9660544 
w	9660608 
r	8612096 
r	8612160 
r	8612224 
w	9660672 
w	9660736 
w	9660800 
r	8612288 
r	8612352 
r	8612416 
w	9660864 
w	9660928 
w	9660992 
r	8612480 
r	8612544 
r	8612608 
w	9661056 
w	9661120 
w	9661184 
r	8612672 
r	8612736 
r	8612800 
w	9661248 
w	9661312 
w	9661376 
r	8612864 
w	9694080 
r	8612928 
r	8612992 
w	9661440 
w	9661504 
w	9661568 
r	8613056 
r	8613120 
r	8613184 
w	9661632 
w	9661696 
w	9661760 
r	8613248 
r	8613312 
r	8613376 
w	9661824 
w	9661888 
w	9661952 
r	8613440 
r	8613504 
r	8613568 
w	9662016 
w	9662080 
w	9662144 
r	8613632 
r	8319680 
w	9662208 
w	9630400 
r	8319744 
w	9630464 
r	8319808 
r	7626112 
w	9630528 
w	9461120 
r	5185792 
w	9642240 
r	5185856 
r	7720640 
w	9642304 
w	9555648 
r	5185920 
w	9642368 
r	5190016 
w	9646464 
r	5189440 
w	9645888 
r	5189504 
w	9645952 
r	5189632 
w	9646080 
r	5189696 
w	9646144 
r	5189760 
w	9646208 
r	5190144 
w	9646592 
r	5190208 
w	9646656 
r	7626176 
w	9461184 
r	3404288 
r	3404352 
r	8800064 
w	9586496 
r	3403904 
r	7057792 
r	8614784 
r	8614848 
r	8614656 
r	8319616 
w	9679168 
w	9663360 
w	9925568 
w	9663232 
w	9630336 
r	13631488 
r	8747840 
w	9699328 
w	9796416 
r	8391552 
w	9440128 
r	8391616 
w	9440192 
r	8391680 
r	6998912 
w	9440256 
w	9620352 
r	6998976 
r	8738304 
r	6999232 
w	9620416 
w	9524736 
w	9620672 
r	6999296 
r	6999040 
r	3802880 
w	9620736 
w	9620480 
w	9570048 
r	3802944 
r	8778368 
w	9570112 
w	9564800 
r	6999104 
r	9035776 
r	13631552 
r	13631616 
r	13631680 
w	9620544 
w	9560064 
r	13631744 
w	9437248 
r	13631808 
w	9437312 
w	9437376 
r	13631872 
r	13631936 
w	9437440 
r	13632000 
w	9437504 
r	13632064 
w	9437568 
w	9437632 
r	13632128 
r	13632192 
w	9437696 
r	13632256 
w	9437760 
r	13632320 
w	9437824 
w	9437888 
r	13632384 
r	13632448 
w	9437952 
r	13632512 
w	9438016 
r	13632576 
w	9438080 
w	9438144 
r	13632640 
r	13632704 
w	9438208 
r	13632768 
w	9438272 
r	13632832 
w	9438336 
w	9438400 
r	13632896 
r	13632960 
w	9438464 
r	13633024 
w	9438528 
r	13633088 
w	9438592 
w	9438656 
r	13633152 
r	13633216 
w	9438720 
r	13633280 
w	9438784 
r	13633344 
w	9438848 
w	9438912 
r	13633408 
r	13633472 
w	9438976 
r	13633536 
w	9439040 
r	13633600 
w	9439104 
w	9439168 
r	13633664 
r	13633728 
w	9439232 
r	13633792 
w	9439296 
r	13633856 
w	9439360 
w	9439424 
r	13633920 
r	13633984 
w	9439488 
r	13634048 
w	9439552 
r	13634112 
w	9439616 
w	9439680 
r	13634176 
r	13634240 
w	9439744 
r	13634304 
w	9439808 
r	13634368 
w	9439872 
w	9439936 
r	13634432 
r	13634496 
w	9440000 
r	13634560 
w	9440064 
r	13634624 
w	9702272 
w	9702336 
r	13634688 
r	13634752 
w	9702400 
r	13634816 
w	9440320 
r	13634880 
w	9440384 
w	9440448 
r	13634944 
r	13635008 
w	9440512 
r	13635072 
w	9440576 
r	13635136 
w	9440640 
w	9440704 
r	13635200 
r	13635264 
w	9440768 
r	13635328 
w	9440832 
r	13635392 
w	9440896 
w	9440960 
r	13635456 
r	13635520 
w	9441024 
r	13635584 
w	9441088 
r	13635648 
w	9441152 
w	9441216 
r	13635712 
r	13635776 
w	9441280 
r	13635840 
w	9441344 
r	13635904 
w	9441408 
w	9441472 
r	13635968 
r	13636032 
w	9441536 
r	13636096 
w	9441600 
r	13636160 
w	9441664 
w	9441728 
r	13636224 
r	13636288 
w	9441792 
r	13636352 
w	9441856 
r	13636416 
w	9441920 
w	9441984 
r	13636480 
r	13636544 
w	9442048 
r	13636608 
w	9442112 
r	13636672 
w	9442176 
w	9659520 
w	9659584 
w	9659648 
r	8611136 
r	8611200 
r	8611264 
w	9659712 
w	9659776 
w	9659840 
r	8611328 
r	8611392 
r	8611456 
w	9659904 
w	9659968 
w	9660032 
r	8611520 
r	8611584 
r	8611648 
w	9660096 
w	9660160 
w	9660224 
r	8611712 
r	8611776 
r	8611840 
w	9660288 
w	9660352 
w	9660416 
r	8611904 
r	8611968 
r	8612032 
w	9660480 
w	9660544 
w	9660608 
r	8612096 
r	8612160 
r	8612224 
w	9660672 
w	9660736 
w	9660800 
r	8612288 
r	8612352 
r	8612416 
w	9660864 
w	9660928 
w	9660992 
r	8612480 
r	8612544 
r	8612608 
w	9661056 
w	9661120 
w	9661184 
r	8612672 
r	8612736 
r	8612800 
w	9661248 
w	9661312 
w	9661376 
r	8612864 
w	9694080 
r	8612928 
r	8612992 
w	9661440 
w	9661504 
w	9661568 
r	8613056 
r	8613120 
r	8613184 
w	9661632 
w	9661696 
w	9661760 
r	8613248 
r	8613312 
r	8613376 
w	9661824 
w	9661888 
w	9661952 
r	8613440 
r	8613504 
r	8613568 
w	9662016 
w	9662080 
w	9662144 
r	8613632 
r	8319680 
w	9662208 
w	9630400 
r	8319744 
w	9630464 
r	8319808 
r	7626112 
w	9630528 
w	9461120 
r	5185792 
w	9642240 
r	5185856 
r	7720640 
w	9642304 
w	9555648 
r	5185920 
w	9642368 
r	5190016 
w	9646464 
r	5189440 
w	9645888 
r	5189504 
w	9645952 
r	5189632 
w	9646080 
r	5189696 
w	9646144 
r	5189760 
w	9646208 
r	5190144 
w	9646592 
r	5190208 
w	9646656 
r	7626176 
w	9461184 
r	3404288 
r	3404352 
r	8800064 
w	9586496 
r	3403904 
r	7057792 
r	8614784 
r	8614848 
r	8614656 
r	8319616 
w	9679168 
w	9663360 
w	9925568 
r	13634048 
w	9439552 
r	13634112 
w	9439616 
w	9439680 
r	13634176 
r	13634240 
w	9439744 
r	13634304 
w	9439808 
r	13634368 
w	9439872 
r	8740864 
w	9527296 
r	8778240 
w	9564672 
r	3403584 
r	5189952 
w	9646400 
r	8557952 
w	9606528 
r	5189120 
r	7116032 
w	9645568 
w	9475328 
r	7625984 
w	9460992 
r	8800000 
w	9586432 
r	7057728 
r	8744896 
r	8319360 
w	9531328 
r	3515584 
w	9630080 
w	9544896 
r	3515648 
r	8626176 
w	9544960 
w	9674752 
r	8738432 
r	8447040 
r	7072640 
r	8741824 
w	9524864 
w	9495616 
w	9528256 
r	8614976 
r	8319488 
r	8614912 
r	8613696 
r	8614720 
w	9663552 
w	9630208 
w	9663488 
r	8319552 
r	8772928 
r	8757760 
w	9662272 
w	9663296 
w	9630272 
w	9559360 
w	9544192 
r	8609600 
r	8609664 
r	8609728 
w	9658176 
w	9658240 
w	9658304 
r	8609792 
r	8609856 
r	8609920 
w	9658368 
w	9658432 
w	9658496 
r	8609984 
r	8610048 
r	8610112 
w	9658560 
w	9658624 
w	9658688 
r	8610176 
r	8610240 
r	8610304 
w	9658752 
w	9658816 
w	9658880 
r	8610368 
r	8610432 
r	8610496 
w	9658944 
w	9659008 
w	9659072 
r	8610560 
r	8610624 
r	8610688 
w	9659136 
w	9659200 
w	9659264 
r	8610752 
r	8610816 
r	8610880 
w	9659328 
w	9659392 
w	9659456 
r	8610944 
r	8611008 
r	8611072 
w	9659520 
w	9659584 
w	9659648 
r	8611136 
r	8611200 
r	8611264 
w	9659712 
w	9659776 
w	9659840 
r	8611328 
r	8611392 
r	8611456 
w	9659904 
w	9659968 
w	9660032 
r	8611520 
r	8611584 
r	8611648 
w	9660096 
w	9660160 
w	9660224 
r	8611712 
r	8611776 
r	8611840 
w	9660288 
w	9660352 
w	9660416 
r	8611904 
r	8611968 
r	8612032 
w	9660480 
w	9660544 
w	9660608 
r	8612096 
r	8612160 
r	8612224 
w	9660672 
w	9660736 
w	9660800 
r	8612288 
r	8612352 
r	8612416 
w	9660864 
w	9660928 
w	9660992 
r	8612480 
r	8612544 
r	8612608 
w	9661056 
w	9661120 
w	9661184 
r	8612672 
r	8612736 
r	8612800 
w	9661248 
w	9661312 
w	9661376 
r	8612864 
w	9694080 
r	8612928 
r	8612992 
w	9661440 
w	9661504 
w	9661568 
r	8613056 
r	8613120 
r	8613184 
w	9661632 
w	9661696 
w	9661760 
r	8613248 
r	8613312 
r	8613376 
w	9661824 
w	9661888 
w	9661952 
r	8613440 
r	8613504 
r	8613568 
w	9662016 
w	9662080 
w	9662144 
r	8613632 
r	8319680 
w	9662208 
w	9630400 
r	8319744 
w	9630464 
r	8319808 
r	7626112 
w	9630528 
w	9461120 
r	5185792 
w	9642240 
r	5185856 
r	7720640 
w	9642304 
w	9555648 
r	5185920 
w	9642368 
r	5190016 
w	9646464 
r	5189440 
w	9645888 
r	5189504 
w	9645952 
r	5189632 
w	9646080 
r	5189696 
w	9646144 
r	5189760 
w	9646208 
r	5190144 
w	9646592 
r	5190208 
w	9646656 
r	7626176 
w	9461184 
r	3404288 
r	3404352 
r	8800064 
w	9586496 
r	3403904 
r	7057792 
r	8614784 
r	8614848 
r	8614656 
r	8319616 
w	9679168 
w	9663360 
w	9925568 
w	9663232 
w	9630336 
r	13631488 
r	8747840 
w	9699328 
w	9796416 
r	8391552 
w	9440128 
r	8391616 
w	9440192 
r	8391680 
r	6998912 
w	9440256 
w	9620352 
r	6998976 
r	8738304 
w	9663232 
w	9630336 
r	13631488 
r	8747840 
w	9699328 
w	9796416 
r	8391552 
w	9440128 
r	8391616 
w	9440192 
r	8391680 
r	6998912 
w	9440256 
w	9620352 
r	6998976 
r	8738304 
r	6999232 
w	9620416 
w	9524736 
w	9620672 
r	6999296 
r	6999040 
r	3802880 
w	9620736 
w	9620480 
w	9570048 
r	3802944 
r	8778368 
w	9570112 
w	9564800 
r	6999104 
r	9035776 
r	13631552 
r	13631616 
r	13631680 
w	9620544 
w	9560064 
r	13631744 
w	9437248 
r	13631808 
w	9437312 
w	9437376 
r	13631872 
r	13631936 
w	9437440 
r	13632000 
w	9437504 
r	13632064 
w	9437568 
w	9437632 
r	13632128 
r	13632192 
w	9437696 
r	13632256 
w	9437760 
r	13632320 
w	9437824 
w	9437888 
r	13632384 
r	13632448 
w	9437952 
r	13632512 
w	9438016 
r	13632576 
w	9438080 
w	9438144 
r	13632640 
r	13632704 
w	9438208 
r	13632768 
w	9438272 
r	13632832 
w	9438336 
w	9438400 
r	13632896 
r	13632960 
w	9438464 
r	13633024 
w	9438528 
r	13633088 
w	9438592 
w	9438656 
r	13633152 
r	13633216 
w	9438720 
r	13633280 
w	9438784 
r	13633344 
w	9438848 
w	9438912 
r	13633408 
r	13633472 
w	9438976 
r	13633536 
w	9439040 
r	13633600 
w	9439104 
w	9439168 
w	9439936 
r	13634432 
r	13634496 
w	9440000 
r	13634560 
w	9440064 
r	13634624 
w	9702272 
w	9702336 
r	13634688 
r	13634752 
w	9702400 
r	13634816 
w	9440320 
r	13634880 
w	9440384 
w	9440448 
r	13634944 
r	13635008 
w	9440512 
r	13635072 
w	9440576 
r	13635136 
w	9440640 
w	9440704 
r	13635200 
r	13635264 
w	9440768 
r	13635328 
w	9440832 
r	13635392 
w	9440896 
w	9440960 
r	13635456 
r	13635520 
w	9441024 
r	13635584 
w	9441088 
r	13635648 
w	9441152 
w	9441216 
r	13635712 
r	13635776 
w	9441280 
r	13635840 
w	9441344 
r	13635904 
w	9441408 
w	9441472 
r	13635968 
r	13636032 
w	9441536 
r	13636096 
w	9441600 
r	13636160 
w	9441664 
w	9441728 
r	13636224 
r	13636288 
w	9441792 
r	13636352 
w	9441856 
r	13636416 
w	9441920 
w	9441984 
r	13636480 
r	13636544 
w	9442048 
r	13636608 
w	9442112 
r	13636672 
w	9442176 
w	9442240 
r	13636736 
r	13636800 
w	9442304 
r	13636864 
w	9442368 
r	13636928 
w	9442432 
w	9442496 
r	13636992 
r	13637056 
w	9442560 
r	13637120 
w	9442624 
r	13637184 
w	9442688 
w	9442752 
r	13637248 
r	13637312 
w	9442816 
r	13637376 
w	9442880 
r	13637440 
w	9442944 
w	9443008 
r	13637504 
r	13637568 
w	9443072 
r	13637632 
r	6999168 
w	9443136 
w	9443200 
w	9443264 
w	9443328 
w	9620608 
r	8391744 
r	8391808 
r	8391872 
r	8613760 
r	8613824 
r	8613888 
r	8613952 
w	9662336 
w	9662400 
r	8614016 
w	9662464 
w	9662528 
r	8614080 
r	8614144 
r	8614208 
w	9662592 
r	8614272 
w	9662656 
w	9662720 
w	9662784 
r	8614400 
r	8614336 
r	8614464 
w	9662848 
w	9679232 
r	8614528 
w	9662976 
w	9662912 