w	9544960 
w	9674752 
r	8738432 
r	8447040 
r	7072640 
w	9674752
r	8611712 
r	8611776 
r	8741824 
w	9524864 
w	9495616 
w	9528256 
r	8614976 
r	8319488 
r	8614912 
r	8613696 
r	8614720 
w	9663552 
w	9630208 
w	9544960 
w	9674752 
r	8738432 
r	8447040 
r	7072640 
w	9674752
r	8741824 
w	9524864 
w	9495616 
w	9528256 
r	8614976 
r	8319488 
r	8614912 
r	8613696 
r	8614720 
w	9663552 
w	9630208 
w	9544960 
w	9674752 
r	8738432 
r	8447040 
r	7072640 
r	8741824 
w	9524864 
w	9495616 
w	9528256 
r	8614976 
r	8319488 
r	8614912 
r	8613696 
r	8614720 
w	9663552 
w	9630208 
w	9663488 
r	8319552 
w	9674752
r	8772928 
r	8757760 
w	9662272 
r	13632896 
r	13632960 
w	9438464 
r	13633024 
r	8612224 
w	9674752
w	9438528 
r	13633088 
w	9438592 
w	9438656 
w	9674752
r	8611712 
r	8611776 
r	13633152 
r	13633216 
w	9438720 
r	13633280 
w	9438784 
r	13633344 
w	9438848 
w	9438912 
r	8612224 
w	9674752
r	13633408 
r	13633472 
w	9438976 
r	13633536 
w	9439040 
r	13633600 
w	9439104 
w	9439168 
r	13633664 
r	13633728 
w	9439232 
r	13633792 
w	9439296 
r	13633856 
w	9439360 
w	9439424 
r	13633920 
r	13633984 
w	9439488 
r	13634048 
w	9439552 
r	13634112 
w	9439616 
w	9439680 
r	8612224 
w	9674752
r	13634176 
r	13634240 
w	9439744 
r	13634304 
w	9439808 
r	13634368 
w	9439872 
w	9439936 
r	8614912 
r	8613696 
r	13634432 
r	13634496 
w	9440000 
r	13634560 
w	9440064 
r	13634624 
w	9702272 
w	9702336 
r	13634688 
w	9674752
r	8611712 
r	8611776 
r	13634752 
w	9702400 
r	13634816 
w	9440320 
r	13634880 
w	9440384 
w	9440448 
r	13634944 
r	13635008 
w	9440512 
r	13635072 
r	8612224 
w	9674752
w	9440576 
r	13635136 
w	9440640 
w	9440704 
r	13635200 
r	13635264 
w	9440768 
r	13635328 
w	9440832 
r	13635392 
w	9440896 
w	9440960 
r	13635456 
r	13635520 
w	9441024 
r	13635584 
w	9441088 
r	13635648 
w	9441152 
w	9441216 
r	13635712 
r	13635776 
w	9441280 
r	13635840 
r	8614912 
r	8613696 
w	9441344 
r	13635904 
w	9441408 
w	9441472 
r	8612224 
w	9674752
r	13635968 
r	13636032 
w	9441536 
r	13636096 
w	9441600 
r	8740864 
w	9527296 
r	8778240 
w	9564672 
r	3403584 
r	5189952 
w	9646400 
r	8557952 
w	9606528 
r	5189120 
r	7116032 
w	9645568 
w	9475328 
r	8612224 
w	9674752
r	7625984 
w	9460992 
r	8800000 
w	9586432 
r	7057728 
r	8744896 
r	8319360 
w	9531328 
r	3515584 
w	9630080 
w	9674752
w	9544896 
r	3515648 
r	8626176 
r	8319552 
r	8772928 
r	8757760 
w	9662272 
w	9663296 
w	9630272 
w	9559360 
w	9544192 
r	8609600 
r	8609664 
r	8612224 
w	9674752
r	8609728 
w	9658176 
w	9658240 
w	9658304 
r	8609792 
r	8609856 
r	8609920 
w	9658368 
w	9658432 
w	9658496 
r	8609984 
r	8610048 
r	8610112 
w	9658560 
w	9658624 
r	8614912 
r	8612224 
w	9674752
r	8613696 
w	9658688 
r	8610176 
r	8610240 
r	8610304 
r	8614912 
r	8613696 
w	9658752 
w	9658816 
w	9658880 
r	8610368 
r	8610432 
r	8610496 
w	9658944 
w	9659008 
w	9659072 
r	8610560 
r	8610624 
r	8610688 
w	9659136 
w	9659200 
w	9659264 
r	8610752 
r	8610816 
r	8610880 
w	9659328 
w	9659392 
w	9659456 
r	8610944 
r	8611008 
r	8611072 
w	9659520 
w	9659584 
w	9659648 
r	8611136 
r	8611200 
r	8611264 
w	9659712 
w	9659776 
w	9659840 
r	8611328 
r	8611392 
r	8611456 
w	9659904 
w	9659968 
w	9660032 
r	8611520 
r	8611584 
r	8611648 
w	9660096 
w	9660160 
w	9660224 
r	8614912 
r	8613696 
w	9674752
r	8611712 
r	8611776 
r	8611840 
w	9660288 
r	8612224 
w	9674752
w	9660352 
w	9660416 
r	8611904 
r	8611968 
r	8612032 
w	9660480 
w	9660544 
w	9660608 
r	8612096 
r	8612160 
r	8612224 
w	9674752
w	9660672 
w	9660736 
r	8614912 
r	8613696 
w	9660800 
r	8612288 
r	8612352 
r	8612416 
w	9441280 
r	13635840 
w	9441344 
r	13635904 
w	9661120 
